<?xml version="1.0" encoding="UTF-8"?>
<!-- Generated by org.testng.reporters.JUnitXMLReporter -->
<testsuite hostname="MSI" ignored="0" name="Free CRM App Test Cases" tests="8" failures="0" timestamp="03 May 2019 19:50:05 GMT" time="70.185" errors="0">
  <testcase name="validateLoginPage" time="0.042" classname="com.crm.qa.testcases.LoginPageTest"/>
  <testcase name="homePageSuccessTest" time="0.032" classname="com.crm.qa.testcases.HomePageTest"/>
  <testcase name="loginTest" time="0.826" classname="com.crm.qa.testcases.LoginPageTest"/>
  <testcase name="logoutTest" time="0.672" classname="com.crm.qa.testcases.HomePageTest"/>
  <testcase name="validateInvalidLogins" time="0.803" classname="com.crm.qa.testcases.LoginPageTest"/>
  <testcase name="validateInvalidLogins" time="0.842" classname="com.crm.qa.testcases.LoginPageTest"/>
  <testcase name="validateInvalidLogins" time="0.814" classname="com.crm.qa.testcases.LoginPageTest"/>
  <testcase name="validateInvalidLogins" time="0.811" classname="com.crm.qa.testcases.LoginPageTest"/>
</testsuite> <!-- Free CRM App Test Cases -->
