<?xml version="1.0" encoding="UTF-8"?>
<!-- Generated by org.testng.reporters.JUnitXMLReporter -->
<testsuite hostname="MSI" ignored="0" name="Free CRM App Test Cases" tests="16" failures="2" timestamp="04 May 2019 15:29:07 GMT" time="71.168" errors="0">
  <testcase name="Test1" time="0.011" classname="com.crm.qa.testcases.RetryLogicTest">
    <skipped/>
  </testcase> <!-- Test1 -->
  <testcase name="Test1" time="0.001" classname="com.crm.qa.testcases.RetryLogicTest">
    <skipped/>
  </testcase> <!-- Test1 -->
  <testcase name="Test1" time="0.001" classname="com.crm.qa.testcases.RetryLogicTest">
    <skipped/>
  </testcase> <!-- Test1 -->
  <testcase name="Test1" time="0.001" classname="com.crm.qa.testcases.RetryLogicTest">
    <failure type="java.lang.AssertionError" message="expected [true] but found [false]">
      <![CDATA[java.lang.AssertionError: expected [true] but found [false]
	at com.crm.qa.testcases.RetryLogicTest.Test1(RetryLogicTest.java:10)
... Removed 31 stack frames]]>
    </failure>
  </testcase> <!-- Test1 -->
  <testcase name="Test2" time="0.0" classname="com.crm.qa.testcases.RetryLogicTest">
    <skipped/>
  </testcase> <!-- Test2 -->
  <testcase name="Test2" time="0.001" classname="com.crm.qa.testcases.RetryLogicTest">
    <skipped/>
  </testcase> <!-- Test2 -->
  <testcase name="Test2" time="0.001" classname="com.crm.qa.testcases.RetryLogicTest">
    <skipped/>
  </testcase> <!-- Test2 -->
  <testcase name="Test2" time="0.001" classname="com.crm.qa.testcases.RetryLogicTest">
    <failure type="java.lang.AssertionError" message="expected [true] but found [false]">
      <![CDATA[java.lang.AssertionError: expected [true] but found [false]
	at com.crm.qa.testcases.RetryLogicTest.Test2(RetryLogicTest.java:15)
... Removed 31 stack frames]]>
    </failure>
  </testcase> <!-- Test2 -->
  <testcase name="validateLoginPage" time="0.062" classname="com.crm.qa.testcases.LoginPageTest"/>
  <testcase name="homePageSuccessTest" time="0.038" classname="com.crm.qa.testcases.HomePageTest"/>
  <testcase name="loginTest" time="0.847" classname="com.crm.qa.testcases.LoginPageTest"/>
  <testcase name="logoutTest" time="0.673" classname="com.crm.qa.testcases.HomePageTest"/>
  <testcase name="validateInvalidLogins" time="0.823" classname="com.crm.qa.testcases.LoginPageTest"/>
  <testcase name="validateInvalidLogins" time="0.836" classname="com.crm.qa.testcases.LoginPageTest"/>
  <testcase name="validateInvalidLogins" time="0.795" classname="com.crm.qa.testcases.LoginPageTest"/>
  <testcase name="validateInvalidLogins" time="0.816" classname="com.crm.qa.testcases.LoginPageTest"/>
</testsuite> <!-- Free CRM App Test Cases -->
