<?xml version="1.0" encoding="UTF-8"?>
<!-- Generated by org.testng.reporters.JUnitXMLReporter -->
<testsuite hostname="MSI" ignored="0" name="Default test" tests="6" failures="0" timestamp="03 May 2019 19:29:18 GMT" time="52.206" errors="0">
  <testcase name="validateLoginPage" time="0.052" classname="com.crm.qa.testcases.LoginPageTest"/>
  <testcase name="loginTest" time="0.839" classname="com.crm.qa.testcases.LoginPageTest"/>
  <testcase name="validateInvalidLogins" time="0.811" classname="com.crm.qa.testcases.LoginPageTest"/>
  <testcase name="validateInvalidLogins" time="0.828" classname="com.crm.qa.testcases.LoginPageTest"/>
  <testcase name="validateInvalidLogins" time="0.798" classname="com.crm.qa.testcases.LoginPageTest"/>
  <testcase name="validateInvalidLogins" time="0.813" classname="com.crm.qa.testcases.LoginPageTest"/>
</testsuite> <!-- Default test -->
