<?xml version="1.0" encoding="UTF-8"?>
<!-- Generated by org.testng.reporters.JUnitXMLReporter -->
<testsuite hostname="MSI" ignored="0" name="Default test" tests="6" failures="0" timestamp="04 May 2019 14:22:07 GMT" time="70.945" errors="0">
  <testcase name="validateLoginPage" time="0.06" classname="com.crm.qa.testcases.LoginPageTest"/>
  <testcase name="loginTest" time="1.083" classname="com.crm.qa.testcases.LoginPageTest"/>
  <testcase name="validateInvalidLogins" time="0.877" classname="com.crm.qa.testcases.LoginPageTest"/>
  <testcase name="validateInvalidLogins" time="0.885" classname="com.crm.qa.testcases.LoginPageTest"/>
  <testcase name="validateInvalidLogins" time="0.897" classname="com.crm.qa.testcases.LoginPageTest"/>
  <testcase name="validateInvalidLogins" time="0.857" classname="com.crm.qa.testcases.LoginPageTest"/>
</testsuite> <!-- Default test -->
