<?xml version="1.0" encoding="UTF-8"?>
<!-- Generated by org.testng.reporters.JUnitXMLReporter -->
<testsuite hostname="MSI" ignored="0" name="Command line test" tests="8" failures="0" timestamp="03 May 2019 21:05:56 GMT" time="70.161" errors="0">
  <testcase name="homePageSuccessTest" time="0.033" classname="com.crm.qa.testcases.HomePageTest"/>
  <testcase name="validateLoginPage" time="0.037" classname="com.crm.qa.testcases.LoginPageTest"/>
  <testcase name="logoutTest" time="0.663" classname="com.crm.qa.testcases.HomePageTest"/>
  <testcase name="loginTest" time="0.834" classname="com.crm.qa.testcases.LoginPageTest"/>
  <testcase name="validateInvalidLogins" time="0.778" classname="com.crm.qa.testcases.LoginPageTest"/>
  <testcase name="validateInvalidLogins" time="0.832" classname="com.crm.qa.testcases.LoginPageTest"/>
  <testcase name="validateInvalidLogins" time="0.852" classname="com.crm.qa.testcases.LoginPageTest"/>
  <testcase name="validateInvalidLogins" time="0.782" classname="com.crm.qa.testcases.LoginPageTest"/>
</testsuite> <!-- Command line test -->
