<?xml version="1.0" encoding="UTF-8" ?>
<testsuite tests="8" failures="0" name="TestSuite" time="4.815" errors="0" skipped="0">
  <properties>
[...]
</properties>
  <testcase classname="com.crm.qa.testcases.HomePageTest" name="homePageSuccessTest" time="0.035"/>
  <testcase classname="com.crm.qa.testcases.LoginPageTest" name="validateLoginPage" time="0.037"/>
  <testcase classname="com.crm.qa.testcases.HomePageTest" name="logoutTest" time="0.663"/>
  <testcase classname="com.crm.qa.testcases.LoginPageTest" name="loginTest" time="0.834"/>
  <testcase classname="com.crm.qa.testcases.LoginPageTest" name="validateInvalidLogins" time="0.779"/>
  <testcase classname="com.crm.qa.testcases.LoginPageTest" name="validateInvalidLogins" time="0.832"/>
  <testcase classname="com.crm.qa.testcases.LoginPageTest" name="validateInvalidLogins" time="0.853"/>
  <testcase classname="com.crm.qa.testcases.LoginPageTest" name="validateInvalidLogins" time="0.782"/>
</testsuite>